\BOOKMARK [0][-]{chapter.1}{Introduction}{}% 1
\BOOKMARK [1][-]{section.1.1}{OpenDAX Basics}{chapter.1}% 2
\BOOKMARK [1][-]{section.1.2}{Installation}{chapter.1}% 3
\BOOKMARK [1][-]{section.1.3}{Setting up the Build Environment}{chapter.1}% 4
\BOOKMARK [0][-]{chapter.2}{Configuration and Initialization}{}% 5
\BOOKMARK [1][-]{section.2.1}{Initialization}{chapter.2}% 6
\BOOKMARK [1][-]{section.2.2}{Creating Attributes}{chapter.2}% 7
\BOOKMARK [1][-]{section.2.3}{Creating Callbacks}{chapter.2}% 8
\BOOKMARK [1][-]{section.2.4}{Writing Lua Functions}{chapter.2}% 9
\BOOKMARK [1][-]{section.2.5}{Running the Configuration}{chapter.2}% 10
\BOOKMARK [1][-]{section.2.6}{Retrieving Attributes}{chapter.2}% 11
\BOOKMARK [1][-]{section.2.7}{Setting Attributes}{chapter.2}% 12
\BOOKMARK [1][-]{section.2.8}{Finishing Up}{chapter.2}% 13
\BOOKMARK [1][-]{section.2.9}{Module Connection}{chapter.2}% 14
\BOOKMARK [0][-]{chapter.3}{Dealing with Data}{}% 15
\BOOKMARK [1][-]{section.3.1}{Data Types}{chapter.3}% 16
\BOOKMARK [1][-]{section.3.2}{Creating Tags}{chapter.3}% 17
\BOOKMARK [1][-]{section.3.3}{Tag Handles}{chapter.3}% 18
\BOOKMARK [1][-]{section.3.4}{Reading and Writing Data}{chapter.3}% 19
\BOOKMARK [1][-]{section.3.5}{Compound Data}{chapter.3}% 20
\BOOKMARK [1][-]{section.3.6}{Data Handling Example}{chapter.3}% 21
\BOOKMARK [0][-]{chapter.4}{Handling Events}{}% 22
\BOOKMARK [1][-]{section.4.1}{Adding Events}{chapter.4}% 23
\BOOKMARK [1][-]{section.4.2}{Handling Events}{chapter.4}% 24
\BOOKMARK [0][-]{chapter.5}{Shell Module}{}% 25
\BOOKMARK [0][-]{chapter.6}{Lua Modules}{}% 26
\BOOKMARK [1][-]{section.6.1}{Installation}{chapter.6}% 27
\BOOKMARK [1][-]{section.6.2}{API Description}{chapter.6}% 28
\BOOKMARK [1][-]{section.6.3}{Using the Lua Interface in C Modules}{chapter.6}% 29
\BOOKMARK [0][-]{appendix.A}{Library API Reference}{}% 30
\BOOKMARK [1][-]{section.A.1}{General}{appendix.A}% 31
\BOOKMARK [1][-]{section.A.2}{Configuration}{appendix.A}% 32
\BOOKMARK [1][-]{section.A.3}{Data Handling}{appendix.A}% 33
\BOOKMARK [1][-]{section.A.4}{Event Handling}{appendix.A}% 34
\BOOKMARK [0][-]{appendix.B}{Skeleton Module}{}% 35
\BOOKMARK [1][-]{section.B.1}{skel.h}{appendix.B}% 36
\BOOKMARK [1][-]{section.B.2}{skel.c}{appendix.B}% 37
\BOOKMARK [0][-]{appendix.C}{Codebase Descriptions}{}% 38
\BOOKMARK [0][-]{appendix.D}{opendax.h Listing}{}% 39
